# JRE version: OpenJDK Runtime Environment Corretto-17.0.16.8.1 (17.0.16+8) (build 17.0.16+8-LTS)
# Java VM: OpenJDK 64-Bit Server VM Corretto-17.0.16.8.1 (17.0.16+8-LTS, mixed mode, sharing, tiered, compressed oops, compressed class ptrs, g1 gc, bsd-amd64)
GC Precious Log:
 CPUs: 8 total, 8 available
 Memory: 8192M
 Large Page Support: Disabled
 NUMA Support: Disabled
 Compressed Oops: Enabled (Zero based)
 Heap Region Size: 1M
 Heap Min Capacity: 8M
 Heap Initial Capacity: 128M
 Heap Max Capacity: 2G
 Pre-touch: Disabled
 Parallel Workers: 8
 Concurrent Workers: 2
 Concurrent Refinement Workers: 8
 Periodic GC: Disabled
Heap:
 garbage-first heap   total 133120K, used 86760K [0x0000000780000000, 0x0000000800000000)
  region size 1024K, 75 young (76800K), 9 survivors (9216K)
 Metaspace       used 15243K, committed 15424K, reserved 1114112K
  class space    used 1382K, committed 1472K, reserved 1048576K
GC Heap History (7 events):
Event: 7.316 GC heap before
{Heap before GC invocations=0 (full 0):
 garbage-first heap   total 133120K, used 24480K [0x0000000780000000, 0x0000000800000000)
  region size 1024K, 23 young (23552K), 0 survivors (0K)
 Metaspace       used 9099K, committed 9280K, reserved 1114112K
  class space    used 817K, committed 896K, reserved 1048576K
}
Event: 7.336 GC heap after
{Heap after GC invocations=1 (full 0):
 garbage-first heap   total 133120K, used 4519K [0x0000000780000000, 0x0000000800000000)
  region size 1024K, 3 young (3072K), 3 survivors (3072K)
 Metaspace       used 9099K, committed 9280K, reserved 1114112K
  class space    used 817K, committed 896K, reserved 1048576K
}
Event: 9.497 GC heap before
{Heap before GC invocations=1 (full 0):
 garbage-first heap   total 133120K, used 60839K [0x0000000780000000, 0x0000000800000000)
  region size 1024K, 58 young (59392K), 3 survivors (3072K)
 Metaspace       used 13338K, committed 13504K, reserved 1114112K
  class space    used 1294K, committed 1344K, reserved 1048576K
}
Event: 9.509 GC heap after
{Heap after GC invocations=2 (full 0):
 garbage-first heap   total 133120K, used 12369K [0x0000000780000000, 0x0000000800000000)
  region size 1024K, 8 young (8192K), 8 survivors (8192K)
 Metaspace       used 13338K, committed 13504K, reserved 1114112K
  class space    used 1294K, committed 1344K, reserved 1048576K
}
Event: 11.093 GC heap before
{Heap before GC invocations=2 (full 0):
 garbage-first heap   total 133120K, used 45137K [0x0000000780000000, 0x0000000800000000)
  region size 1024K, 39 young (39936K), 8 survivors (8192K)
 Metaspace       used 13884K, committed 14080K, reserved 1114112K
  class space    used 1311K, committed 1408K, reserved 1048576K
}
Event: 11.108 GC heap after
{Heap after GC invocations=3 (full 0):
 garbage-first heap   total 133120K, used 19176K [0x0000000780000000, 0x0000000800000000)
  region size 1024K, 5 young (5120K), 5 survivors (5120K)
 Metaspace       used 13884K, committed 14080K, reserved 1114112K
  class space    used 1311K, committed 1408K, reserved 1048576K
}
Event: 33.194 GC heap before
{Heap before GC invocations=3 (full 0):
 garbage-first heap   total 133120K, used 86760K [0x0000000780000000, 0x0000000800000000)
  region size 1024K, 71 young (72704K), 5 survivors (5120K)
 Metaspace       used 15243K, committed 15424K, reserved 1114112K
  class space    used 1382K, committed 1472K, reserved 1048576K
}

