# JRE version: OpenJDK Runtime Environment Corretto-17.0.16.8.1 (17.0.16+8) (build 17.0.16+8-LTS)
# Java VM: OpenJDK 64-Bit Server VM Corretto-17.0.16.8.1 (17.0.16+8-LTS, mixed mode, sharing, tiered, compressed oops, compressed class ptrs, g1 gc, bsd-amd64)
GC Precious Log:
 CPUs: 8 total, 8 available
 Memory: 8192M
 Large Page Support: Disabled
 NUMA Support: Disabled
 Compressed Oops: Enabled (Zero based)
 Heap Region Size: 1M
 Heap Min Capacity: 8M
 Heap Initial Capacity: 128M
 Heap Max Capacity: 2G
 Pre-touch: Disabled
 Parallel Workers: 8
 Concurrent Workers: 2
 Concurrent Refinement Workers: 8
 Periodic GC: Disabled
Heap:
 garbage-first heap   total 133120K, used 130948K [0x0000000780000000, 0x0000000800000000)
  region size 1024K, 8 young (8192K), 8 survivors (8192K)
 Metaspace       used 15335K, committed 15552K, reserved 1114112K
  class space    used 1388K, committed 1472K, reserved 1048576K
GC Heap History (20 events):
Event: 10.634 GC heap after
{Heap after GC invocations=3 (full 0):
 garbage-first heap   total 133120K, used 18336K [0x0000000780000000, 0x0000000800000000)
  region size 1024K, 5 young (5120K), 5 survivors (5120K)
 Metaspace       used 13587K, committed 13760K, reserved 1114112K
  class space    used 1307K, committed 1408K, reserved 1048576K
}
Event: 27.202 GC heap before
{Heap before GC invocations=3 (full 0):
 garbage-first heap   total 133120K, used 86944K [0x0000000780000000, 0x0000000800000000)
  region size 1024K, 72 young (73728K), 5 survivors (5120K)
 Metaspace       used 15112K, committed 15296K, reserved 1114112K
  class space    used 1374K, committed 1472K, reserved 1048576K
}
Event: 27.226 GC heap after
{Heap after GC invocations=4 (full 0):
 garbage-first heap   total 133120K, used 34657K [0x0000000780000000, 0x0000000800000000)
  region size 1024K, 9 young (9216K), 9 survivors (9216K)
 Metaspace       used 15112K, committed 15296K, reserved 1114112K
  class space    used 1374K, committed 1472K, reserved 1048576K
}
Event: 72.542 GC heap before
{Heap before GC invocations=4 (full 0):
 garbage-first heap   total 133120K, used 86881K [0x0000000780000000, 0x0000000800000000)
  region size 1024K, 60 young (61440K), 9 survivors (9216K)
 Metaspace       used 15189K, committed 15424K, reserved 1114112K
  class space    used 1379K, committed 1472K, reserved 1048576K
}
Event: 72.557 GC heap after
{Heap after GC invocations=5 (full 0):
 garbage-first heap   total 133120K, used 37097K [0x0000000780000000, 0x0000000800000000)
  region size 1024K, 1 young (1024K), 1 survivors (1024K)
 Metaspace       used 15189K, committed 15424K, reserved 1114112K
  class space    used 1379K, committed 1472K, reserved 1048576K
}
Event: 127.637 GC heap before
{Heap before GC invocations=5 (full 0):
 garbage-first heap   total 133120K, used 94441K [0x0000000780000000, 0x0000000800000000)
  region size 1024K, 57 young (58368K), 1 survivors (1024K)
 Metaspace       used 15192K, committed 15424K, reserved 1114112K
  class space    used 1379K, committed 1472K, reserved 1048576K
}
Event: 127.644 GC heap after
{Heap after GC invocations=6 (full 0):
 garbage-first heap   total 133120K, used 36456K [0x0000000780000000, 0x0000000800000000)
  region size 1024K, 1 young (1024K), 1 survivors (1024K)
 Metaspace       used 15192K, committed 15424K, reserved 1114112K
  class space    used 1379K, committed 1472K, reserved 1048576K
}
Event: 187.926 GC heap before
{Heap before GC invocations=6 (full 0):
 garbage-first heap   total 133120K, used 98920K [0x0000000780000000, 0x0000000800000000)
  region size 1024K, 62 young (63488K), 1 survivors (1024K)
 Metaspace       used 15223K, committed 15424K, reserved 1114112K
  class space    used 1383K, committed 1472K, reserved 1048576K
}
Event: 187.928 GC heap after
{Heap after GC invocations=7 (full 0):
 garbage-first heap   total 133120K, used 36171K [0x0000000780000000, 0x0000000800000000)
  region size 1024K, 1 young (1024K), 1 survivors (1024K)
 Metaspace       used 15223K, committed 15424K, reserved 1114112K
  class space    used 1383K, committed 1472K, reserved 1048576K
}
Event: 250.742 GC heap before
{Heap before GC invocations=7 (full 0):
 garbage-first heap   total 133120K, used 101707K [0x0000000780000000, 0x0000000800000000)
  region size 1024K, 65 young (66560K), 1 survivors (1024K)
 Metaspace       used 15226K, committed 15424K, reserved 1114112K
  class space    used 1383K, committed 1472K, reserved 1048576K
}
Event: 250.745 GC heap after
{Heap after GC invocations=8 (full 0):
 garbage-first heap   total 133120K, used 36105K [0x0000000780000000, 0x0000000800000000)
  region size 1024K, 1 young (1024K), 1 survivors (1024K)
 Metaspace       used 15226K, committed 15424K, reserved 1114112K
  class space    used 1383K, committed 1472K, reserved 1048576K
}
Event: 314.858 GC heap before
{Heap before GC invocations=8 (full 0):
 garbage-first heap   total 133120K, used 104713K [0x0000000780000000, 0x0000000800000000)
  region size 1024K, 68 young (69632K), 1 survivors (1024K)
 Metaspace       used 15290K, committed 15488K, reserved 1114112K
  class space    used 1385K, committed 1472K, reserved 1048576K
}
Event: 314.860 GC heap after
{Heap after GC invocations=9 (full 0):
 garbage-first heap   total 133120K, used 36115K [0x0000000780000000, 0x0000000800000000)
  region size 1024K, 1 young (1024K), 1 survivors (1024K)
 Metaspace       used 15290K, committed 15488K, reserved 1114112K
  class space    used 1385K, committed 1472K, reserved 1048576K
}
Event: 381.988 GC heap before
{Heap before GC invocations=9 (full 0):
 garbage-first heap   total 133120K, used 106771K [0x0000000780000000, 0x0000000800000000)
  region size 1024K, 70 young (71680K), 1 survivors (1024K)
 Metaspace       used 15290K, committed 15488K, reserved 1114112K
  class space    used 1385K, committed 1472K, reserved 1048576K
}
Event: 381.991 GC heap after
{Heap after GC invocations=10 (full 0):
 garbage-first heap   total 133120K, used 36113K [0x0000000780000000, 0x0000000800000000)
  region size 1024K, 1 young (1024K), 1 survivors (1024K)
 Metaspace       used 15290K, committed 15488K, reserved 1114112K
  class space    used 1385K, committed 1472K, reserved 1048576K
}
Event: 451.552 GC heap before
{Heap before GC invocations=10 (full 0):
 garbage-first heap   total 133120K, used 108817K [0x0000000780000000, 0x0000000800000000)
  region size 1024K, 72 young (73728K), 1 survivors (1024K)
 Metaspace       used 15293K, committed 15488K, reserved 1114112K
  class space    used 1386K, committed 1472K, reserved 1048576K
}
Event: 451.555 GC heap after
{Heap after GC invocations=11 (full 0):
 garbage-first heap   total 133120K, used 36115K [0x0000000780000000, 0x0000000800000000)
  region size 1024K, 1 young (1024K), 1 survivors (1024K)
 Metaspace       used 15293K, committed 15488K, reserved 1114112K
  class space    used 1386K, committed 1472K, reserved 1048576K
}
Event: 495.012 GC heap before
{Heap before GC invocations=11 (full 0):
 garbage-first heap   total 133120K, used 110867K [0x0000000780000000, 0x0000000800000000)
  region size 1024K, 74 young (75776K), 1 survivors (1024K)
 Metaspace       used 15321K, committed 15488K, reserved 1114112K
  class space    used 1388K, committed 1472K, reserved 1048576K
}
Event: 495.021 GC heap after
{Heap after GC invocations=12 (full 0):
 garbage-first heap   total 133120K, used 49658K [0x0000000780000000, 0x0000000800000000)
  region size 1024K, 10 young (10240K), 10 survivors (10240K)
 Metaspace       used 15321K, committed 15488K, reserved 1114112K
  class space    used 1388K, committed 1472K, reserved 1048576K
}
Event: 497.151 GC heap before
{Heap before GC invocations=12 (full 0):
 garbage-first heap   total 133120K, used 99834K [0x0000000780000000, 0x0000000800000000)
  region size 1024K, 59 young (60416K), 10 survivors (10240K)
 Metaspace       used 15335K, committed 15552K, reserved 1114112K
  class space    used 1388K, committed 1472K, reserved 1048576K
}

