# JRE version: OpenJDK Runtime Environment Corretto-17.0.16.8.1 (17.0.16+8) (build 17.0.16+8-LTS)
# Java VM: OpenJDK 64-Bit Server VM Corretto-17.0.16.8.1 (17.0.16+8-LTS, mixed mode, sharing, tiered, compressed oops, compressed class ptrs, g1 gc, bsd-amd64)
GC Precious Log:
 CPUs: 8 total, 8 available
 Memory: 8192M
 Large Page Support: Disabled
 NUMA Support: Disabled
 Compressed Oops: Enabled (Zero based)
 Heap Region Size: 1M
 Heap Min Capacity: 8M
 Heap Initial Capacity: 128M
 Heap Max Capacity: 2G
 Pre-touch: Disabled
 Parallel Workers: 8
 Concurrent Workers: 2
 Concurrent Refinement Workers: 8
 Periodic GC: Disabled
Heap:
 garbage-first heap   total 133120K, used 88878K [0x0000000780000000, 0x0000000800000000)
  region size 1024K, 73 young (74752K), 9 survivors (9216K)
 Metaspace       used 15027K, committed 15232K, reserved 1114112K
  class space    used 1372K, committed 1472K, reserved 1048576K
GC Heap History (7 events):
Event: 8.477 GC heap before
{Heap before GC invocations=0 (full 0):
 garbage-first heap   total 133120K, used 24480K [0x0000000780000000, 0x0000000800000000)
  region size 1024K, 23 young (23552K), 0 survivors (0K)
 Metaspace       used 9108K, committed 9280K, reserved 1114112K
  class space    used 817K, committed 896K, reserved 1048576K
}
Event: 8.496 GC heap after
{Heap after GC invocations=1 (full 0):
 garbage-first heap   total 133120K, used 4528K [0x0000000780000000, 0x0000000800000000)
  region size 1024K, 3 young (3072K), 3 survivors (3072K)
 Metaspace       used 9108K, committed 9280K, reserved 1114112K
  class space    used 817K, committed 896K, reserved 1048576K
}
Event: 10.661 GC heap before
{Heap before GC invocations=1 (full 0):
 garbage-first heap   total 133120K, used 61872K [0x0000000780000000, 0x0000000800000000)
  region size 1024K, 59 young (60416K), 3 survivors (3072K)
 Metaspace       used 13304K, committed 13440K, reserved 1114112K
  class space    used 1294K, committed 1344K, reserved 1048576K
}
Event: 10.673 GC heap after
{Heap after GC invocations=2 (full 0):
 garbage-first heap   total 133120K, used 12896K [0x0000000780000000, 0x0000000800000000)
  region size 1024K, 8 young (8192K), 8 survivors (8192K)
 Metaspace       used 13304K, committed 13440K, reserved 1114112K
  class space    used 1294K, committed 1344K, reserved 1048576K
}
Event: 11.057 GC heap before
{Heap before GC invocations=2 (full 0):
 garbage-first heap   total 133120K, used 38496K [0x0000000780000000, 0x0000000800000000)
  region size 1024K, 32 young (32768K), 8 survivors (8192K)
 Metaspace       used 13658K, committed 13888K, reserved 1114112K
  class space    used 1306K, committed 1408K, reserved 1048576K
}
Event: 11.069 GC heap after
{Heap after GC invocations=3 (full 0):
 garbage-first heap   total 133120K, used 18222K [0x0000000780000000, 0x0000000800000000)
  region size 1024K, 4 young (4096K), 4 survivors (4096K)
 Metaspace       used 13658K, committed 13888K, reserved 1114112K
  class space    used 1306K, committed 1408K, reserved 1048576K
}
Event: 22.304 GC heap before
{Heap before GC invocations=3 (full 0):
 garbage-first heap   total 133120K, used 88878K [0x0000000780000000, 0x0000000800000000)
  region size 1024K, 68 young (69632K), 4 survivors (4096K)
 Metaspace       used 15027K, committed 15232K, reserved 1114112K
  class space    used 1372K, committed 1472K, reserved 1048576K
}

